<?xml version="1.0" encoding="UTF-8"?>
<!-- Generated by org.testng.reporters.JUnitReportReporter -->
<testsuite skipped="0" hostname="anirban-hp-notebook" name="com.ttassesment.testcases.SearchProductTest" tests="1" failures="0" timestamp="2022-01-23T16:46:25 IST" time="28.773" errors="0">
  <testcase name="searchProduct" time="28.773" classname="com.ttassesment.testcases.SearchProductTest"/>
  <system-out/>
</testsuite> <!-- com.ttassesment.testcases.SearchProductTest -->
