<?xml version="1.0" encoding="UTF-8"?>
<!-- Generated by org.testng.reporters.JUnitReportReporter -->
<testsuite skipped="0" hostname="anirban-hp-notebook" name="com.ttassesment.testcases.SearchProduct" tests="1" failures="0" timestamp="2022-01-22T23:58:13 IST" time="13.914" errors="0">
  <testcase name="searchProduct" time="13.914" classname="com.ttassesment.testcases.SearchProduct"/>
  <system-out/>
</testsuite> <!-- com.ttassesment.testcases.SearchProduct -->
