<?xml version="1.0" encoding="UTF-8"?>
<!-- Generated by org.testng.reporters.JUnitReportReporter -->
<testsuite skipped="0" hostname="anirban-hp-notebook" name="com.ttassesment.testcases.FlipCartGetPriceOfProductAfterAddition" tests="1" failures="0" timestamp="2022-01-23T18:26:23 IST" time="27.715" errors="0">
  <testcase name="compare" time="27.715" classname="com.ttassesment.testcases.FlipCartGetPriceOfProductAfterAddition"/>
  <system-out/>
</testsuite> <!-- com.ttassesment.testcases.FlipCartGetPriceOfProductAfterAddition -->
